#
# A fatal error has been detected by the Java Runtime Environment:
#
#  SIGBUS (0xa) at pc=0x00000001021890d0, pid=871, tid=23815
#
# JRE version: 7.0_25-b15
# Java VM: Java HotSpot(TM) 64-Bit Server VM (23.25-b01 mixed mode bsd-amd64 compressed oops)
# Problematic frame:
# C  [libzip.dylib+0x30d0]  newEntry+0x154
#
# Failed to write core dump. Core dumps have been disabled. To enable core dumping, try "ulimit -c unlimited" before starting Java again
#
# If you would like to submit a bug report, please visit:
#   http://bugreport.sun.com/bugreport/crash.jsp
# The crash happened outside the Java Virtual Machine in native code.
# See problematic frame for where to report the bug.
#

---------------  T H R E A D  ---------------

Current thread (0x00007fb51d2b1000):  JavaThread "Timer-1" daemon [_thread_in_native, id=23815, stack(0x000000010a713000,0x000000010a813000)]

siginfo:si_signo=SIGBUS: si_errno=0, si_code=2 (BUS_ADRERR), si_addr=0x000000010a2e638a

Registers:
RAX=0x00007fb51addb8c0, RBX=0x000000010a2e637e, RCX=0x00000000ffff0001, RDX=0x0000000000000000
RSP=0x000000010a8121a0, RBP=0x000000010a812200, RSI=0x0000000000000048, RDI=0x0000000101ff7e00
R8 =0x00000007ed504301, R9 =0x00000000fdaa07bb, R10=0x0000000103d47f44, R11=0x000000000000013c
R12=0x0000000000000000, R13=0x000000010a812330, R14=0x00007fb51addb8c0, R15=0x00007fb51d2b1000
RIP=0x00000001021890d0, EFLAGS=0x0000000000010206, ERR=0x0000000000000004
  TRAPNO=0x000000000000000e

Top of Stack: (sp=0x000000010a8121a0)
0x000000010a8121a0:   00007fb51cf00000 000000011cffc080
0x000000010a8121b0:   0000000000001400 0000000000000091
0x000000010a8121c0:   000000010a8121e0 00007fb51addb8c0
0x000000010a8121d0:   00007fb51ccd9520 000000000000013b
0x000000010a8121e0:   0000000000000000 000000010a812330
0x000000010a8121f0:   00007fb51addb8c0 00007fb51d2b1000
0x000000010a812200:   000000010a812220 0000000102189688
0x000000010a812210:   0000000000000000 000000010a812270
0x000000010a812220:   000000010a812230 00000001021884ad
0x000000010a812230:   000000010a812280 0000000103d47fb6
0x000000010a812240:   0000003dfaf3a868 00000007ed504430
0x000000010a812250:   00007fb51d2b1000 00000007ed518f08
0x000000010a812260:   000000010a812270 00007fb51d2b1000
0x000000010a812270:   00000007f1a56f18 0000000103d09d45
0x000000010a812280:   00000007ed5043e0 0000000103d4ff2c
0x000000010a812290:   00000007ed5043f8 fdaa07bbfdaa07bb
0x000000010a8122a0:   00000007ed503dd8 00000007ed5043e0
0x000000010a8122b0:   00007fb51ccdad20 00000007ed503dd8
0x000000010a8122c0:   0000000800000808 000000003c210000
0x000000010a8122d0:   00000000ccd16c0b 00000000000000f0
0x000000010a8122e0:   0000000000000099 0000000000000000
0x000000010a8122f0:   00000007ed530d58 00000007faeb1de8
0x000000010a812300:   0000000000000000 00000007fae09fa0
0x000000010a812310:   000000010a812378 0000000103caf9e1
0x000000010a812320:   0000000103caf450 0000000103caf9e1
0x000000010a812330:   00000007ed5043f8 000000010a812338
0x000000010a812340:   00000007fb9bba0b 000000010a812418
0x000000010a812350:   00000007fb9bc188 00000007fba053e8
0x000000010a812360:   00000007fb9bbd28 000000010a812330
0x000000010a812370:   000000010a812418 000000010a812460
0x000000010a812380:   0000000103caf806 0000000000000000
0x000000010a812390:   0000000000000000 00000007ed530d58 

Instructions: (pc=0x00000001021890d0)
0x00000001021890b0:   49 8b 7f 38 e8 df 19 00 00 4d 89 77 38 49 89 5f
0x00000001021890c0:   40 4c 89 f0 48 85 c0 0f 84 16 05 00 00 48 89 c3
0x00000001021890d0:   0f b6 43 0c 0f b6 4b 0d 48 c1 e1 08 48 01 c1 0f
0x00000001021890e0:   b6 43 0e 0f b6 53 0f 48 c1 e2 08 48 01 c2 48 c1 

Register to memory mapping:

RAX=0x00007fb51addb8c0 is an unknown value
RBX=0x000000010a2e637e is an unknown value
RCX=0x00000000ffff0001 is an unknown value
RDX=0x0000000000000000 is an unknown value
RSP=0x000000010a8121a0 is pointing into the stack for thread: 0x00007fb51d2b1000
RBP=0x000000010a812200 is pointing into the stack for thread: 0x00007fb51d2b1000
RSI=0x0000000000000048 is an unknown value
RDI=0x0000000101ff7e00 is an unknown value
R8 =